The system is: Darwin - 15.5.0 - x86_64
Compiling the C compiler identification source file "CMakeCCompilerId.c" succeeded.
Compiler: /Applications/Xcode.app/Contents/Developer/Toolchains/XcodeDefault.xctoolchain/usr/bin/cc 
Build flags: 
Id flags: 

The output was:
0


Compilation of the C compiler identification source "CMakeCCompilerId.c" produced "a.out"

The C compiler identification is AppleClang, found in "/nfs/2014/a/alelievr/c/shader/glfw-3.2/CMakeFiles/3.5.2/CompilerIdC/a.out"

Determining if the C compiler works passed with the following output:
Change Dir: /nfs/2014/a/alelievr/c/shader/glfw-3.2/CMakeFiles/CMakeTmp

Run Build Command:"/usr/bin/make" "cmTC_11297/fast"
/Applications/Xcode.app/Contents/Developer/usr/bin/make -f CMakeFiles/cmTC_11297.dir/build.make CMakeFiles/cmTC_11297.dir/build
Building C object CMakeFiles/cmTC_11297.dir/testCCompiler.c.o
/Applications/Xcode.app/Contents/Developer/Toolchains/XcodeDefault.xctoolchain/usr/bin/cc     -o CMakeFiles/cmTC_11297.dir/testCCompiler.c.o   -c /nfs/2014/a/alelievr/c/shader/glfw-3.2/CMakeFiles/CMakeTmp/testCCompiler.c
Linking C executable cmTC_11297
/sgoinfre/goinfre/Perso/alelievr/homebrew/Cellar/cmake/3.5.2/bin/cmake -E cmake_link_script CMakeFiles/cmTC_11297.dir/link.txt --verbose=1
/Applications/Xcode.app/Contents/Developer/Toolchains/XcodeDefault.xctoolchain/usr/bin/cc    -Wl,-search_paths_first -Wl,-headerpad_max_install_names   CMakeFiles/cmTC_11297.dir/testCCompiler.c.o  -o cmTC_11297  


Detecting C compiler ABI info compiled with the following output:
Change Dir: /nfs/2014/a/alelievr/c/shader/glfw-3.2/CMakeFiles/CMakeTmp

Run Build Command:"/usr/bin/make" "cmTC_82f2b/fast"
/Applications/Xcode.app/Contents/Developer/usr/bin/make -f CMakeFiles/cmTC_82f2b.dir/build.make CMakeFiles/cmTC_82f2b.dir/build
Building C object CMakeFiles/cmTC_82f2b.dir/CMakeCCompilerABI.c.o
/Applications/Xcode.app/Contents/Developer/Toolchains/XcodeDefault.xctoolchain/usr/bin/cc     -o CMakeFiles/cmTC_82f2b.dir/CMakeCCompilerABI.c.o   -c /sgoinfre/goinfre/Perso/alelievr/homebrew/Cellar/cmake/3.5.2/share/cmake/Modules/CMakeCCompilerABI.c
Linking C executable cmTC_82f2b
/sgoinfre/goinfre/Perso/alelievr/homebrew/Cellar/cmake/3.5.2/bin/cmake -E cmake_link_script CMakeFiles/cmTC_82f2b.dir/link.txt --verbose=1
/Applications/Xcode.app/Contents/Developer/Toolchains/XcodeDefault.xctoolchain/usr/bin/cc    -Wl,-search_paths_first -Wl,-headerpad_max_install_names  -v -Wl,-v CMakeFiles/cmTC_82f2b.dir/CMakeCCompilerABI.c.o  -o cmTC_82f2b   
Apple LLVM version 7.3.0 (clang-703.0.31)
Target: x86_64-apple-darwin15.5.0
Thread model: posix
InstalledDir: /Applications/Xcode.app/Contents/Developer/Toolchains/XcodeDefault.xctoolchain/usr/bin
 "/Applications/Xcode.app/Contents/Developer/Toolchains/XcodeDefault.xctoolchain/usr/bin/ld" -demangle -dynamic -arch x86_64 -macosx_version_min 10.11.0 -o cmTC_82f2b -search_paths_first -headerpad_max_install_names -v CMakeFiles/cmTC_82f2b.dir/CMakeCCompilerABI.c.o -lSystem /Applications/Xcode.app/Contents/Developer/Toolchains/XcodeDefault.xctoolchain/usr/bin/../lib/clang/7.3.0/lib/darwin/libclang_rt.osx.a
@(#)PROGRAM:ld  PROJECT:ld64-264.3.102
configured to support archs: armv6 armv7 armv7s arm64 i386 x86_64 x86_64h armv6m armv7k armv7m armv7em (tvOS)
Library search paths:
	/usr/lib
	/usr/local/lib
Framework search paths:
	/Library/Frameworks/
	/System/Library/Frameworks/


Parsed C implicit link information from above output:
  link line regex: [^( *|.*[/\])(ld|([^/\]+-)?ld|collect2)[^/\]*( |$)]
  ignore line: [Change Dir: /nfs/2014/a/alelievr/c/shader/glfw-3.2/CMakeFiles/CMakeTmp]
  ignore line: []
  ignore line: [Run Build Command:"/usr/bin/make" "cmTC_82f2b/fast"]
  ignore line: [/Applications/Xcode.app/Contents/Developer/usr/bin/make -f CMakeFiles/cmTC_82f2b.dir/build.make CMakeFiles/cmTC_82f2b.dir/build]
  ignore line: [Building C object CMakeFiles/cmTC_82f2b.dir/CMakeCCompilerABI.c.o]
  ignore line: [/Applications/Xcode.app/Contents/Developer/Toolchains/XcodeDefault.xctoolchain/usr/bin/cc     -o CMakeFiles/cmTC_82f2b.dir/CMakeCCompilerABI.c.o   -c /sgoinfre/goinfre/Perso/alelievr/homebrew/Cellar/cmake/3.5.2/share/cmake/Modules/CMakeCCompilerABI.c]
  ignore line: [Linking C executable cmTC_82f2b]
  ignore line: [/sgoinfre/goinfre/Perso/alelievr/homebrew/Cellar/cmake/3.5.2/bin/cmake -E cmake_link_script CMakeFiles/cmTC_82f2b.dir/link.txt --verbose=1]
  ignore line: [/Applications/Xcode.app/Contents/Developer/Toolchains/XcodeDefault.xctoolchain/usr/bin/cc    -Wl,-search_paths_first -Wl,-headerpad_max_install_names  -v -Wl,-v CMakeFiles/cmTC_82f2b.dir/CMakeCCompilerABI.c.o  -o cmTC_82f2b   ]
  ignore line: [Apple LLVM version 7.3.0 (clang-703.0.31)]
  ignore line: [Target: x86_64-apple-darwin15.5.0]
  ignore line: [Thread model: posix]
  ignore line: [InstalledDir: /Applications/Xcode.app/Contents/Developer/Toolchains/XcodeDefault.xctoolchain/usr/bin]
  link line: [ "/Applications/Xcode.app/Contents/Developer/Toolchains/XcodeDefault.xctoolchain/usr/bin/ld" -demangle -dynamic -arch x86_64 -macosx_version_min 10.11.0 -o cmTC_82f2b -search_paths_first -headerpad_max_install_names -v CMakeFiles/cmTC_82f2b.dir/CMakeCCompilerABI.c.o -lSystem /Applications/Xcode.app/Contents/Developer/Toolchains/XcodeDefault.xctoolchain/usr/bin/../lib/clang/7.3.0/lib/darwin/libclang_rt.osx.a]
    arg [/Applications/Xcode.app/Contents/Developer/Toolchains/XcodeDefault.xctoolchain/usr/bin/ld] ==> ignore
    arg [-demangle] ==> ignore
    arg [-dynamic] ==> ignore
    arg [-arch] ==> ignore
    arg [x86_64] ==> ignore
    arg [-macosx_version_min] ==> ignore
    arg [10.11.0] ==> ignore
    arg [-o] ==> ignore
    arg [cmTC_82f2b] ==> ignore
    arg [-search_paths_first] ==> ignore
    arg [-headerpad_max_install_names] ==> ignore
    arg [-v] ==> ignore
    arg [CMakeFiles/cmTC_82f2b.dir/CMakeCCompilerABI.c.o] ==> ignore
    arg [-lSystem] ==> lib [System]
    arg [/Applications/Xcode.app/Contents/Developer/Toolchains/XcodeDefault.xctoolchain/usr/bin/../lib/clang/7.3.0/lib/darwin/libclang_rt.osx.a] ==> lib [/Applications/Xcode.app/Contents/Developer/Toolchains/XcodeDefault.xctoolchain/usr/bin/../lib/clang/7.3.0/lib/darwin/libclang_rt.osx.a]
  Library search paths: [;/usr/lib;/usr/local/lib]
  Framework search paths: [;/Library/Frameworks/;/System/Library/Frameworks/]
  remove lib [System]
  collapse lib [/Applications/Xcode.app/Contents/Developer/Toolchains/XcodeDefault.xctoolchain/usr/bin/../lib/clang/7.3.0/lib/darwin/libclang_rt.osx.a] ==> [/Applications/Xcode.app/Contents/Developer/Toolchains/XcodeDefault.xctoolchain/usr/lib/clang/7.3.0/lib/darwin/libclang_rt.osx.a]
  collapse library dir [/usr/lib] ==> [/usr/lib]
  collapse library dir [/usr/local/lib] ==> [/usr/local/lib]
  collapse framework dir [/Library/Frameworks/] ==> [/Library/Frameworks]
  collapse framework dir [/System/Library/Frameworks/] ==> [/System/Library/Frameworks]
  implicit libs: [/Applications/Xcode.app/Contents/Developer/Toolchains/XcodeDefault.xctoolchain/usr/lib/clang/7.3.0/lib/darwin/libclang_rt.osx.a]
  implicit dirs: [/usr/lib;/usr/local/lib]
  implicit fwks: [/Library/Frameworks;/System/Library/Frameworks]




Detecting C [-std=c11] compiler features compiled with the following output:
Change Dir: /nfs/2014/a/alelievr/c/shader/glfw-3.2/CMakeFiles/CMakeTmp

Run Build Command:"/usr/bin/make" "cmTC_80799/fast"
/Applications/Xcode.app/Contents/Developer/usr/bin/make -f CMakeFiles/cmTC_80799.dir/build.make CMakeFiles/cmTC_80799.dir/build
Building C object CMakeFiles/cmTC_80799.dir/feature_tests.c.o
/Applications/Xcode.app/Contents/Developer/Toolchains/XcodeDefault.xctoolchain/usr/bin/cc    -std=c11 -o CMakeFiles/cmTC_80799.dir/feature_tests.c.o   -c /nfs/2014/a/alelievr/c/shader/glfw-3.2/CMakeFiles/feature_tests.c
Linking C executable cmTC_80799
/sgoinfre/goinfre/Perso/alelievr/homebrew/Cellar/cmake/3.5.2/bin/cmake -E cmake_link_script CMakeFiles/cmTC_80799.dir/link.txt --verbose=1
/Applications/Xcode.app/Contents/Developer/Toolchains/XcodeDefault.xctoolchain/usr/bin/cc    -Wl,-search_paths_first -Wl,-headerpad_max_install_names   CMakeFiles/cmTC_80799.dir/feature_tests.c.o  -o cmTC_80799  


    Feature record: C_FEATURE:1c_function_prototypes
    Feature record: C_FEATURE:1c_restrict
    Feature record: C_FEATURE:1c_static_assert
    Feature record: C_FEATURE:1c_variadic_macros


Detecting C [-std=c99] compiler features compiled with the following output:
Change Dir: /nfs/2014/a/alelievr/c/shader/glfw-3.2/CMakeFiles/CMakeTmp

Run Build Command:"/usr/bin/make" "cmTC_8211a/fast"
/Applications/Xcode.app/Contents/Developer/usr/bin/make -f CMakeFiles/cmTC_8211a.dir/build.make CMakeFiles/cmTC_8211a.dir/build
Building C object CMakeFiles/cmTC_8211a.dir/feature_tests.c.o
/Applications/Xcode.app/Contents/Developer/Toolchains/XcodeDefault.xctoolchain/usr/bin/cc    -std=c99 -o CMakeFiles/cmTC_8211a.dir/feature_tests.c.o   -c /nfs/2014/a/alelievr/c/shader/glfw-3.2/CMakeFiles/feature_tests.c
Linking C executable cmTC_8211a
/sgoinfre/goinfre/Perso/alelievr/homebrew/Cellar/cmake/3.5.2/bin/cmake -E cmake_link_script CMakeFiles/cmTC_8211a.dir/link.txt --verbose=1
/Applications/Xcode.app/Contents/Developer/Toolchains/XcodeDefault.xctoolchain/usr/bin/cc    -Wl,-search_paths_first -Wl,-headerpad_max_install_names   CMakeFiles/cmTC_8211a.dir/feature_tests.c.o  -o cmTC_8211a  


    Feature record: C_FEATURE:1c_function_prototypes
    Feature record: C_FEATURE:1c_restrict
    Feature record: C_FEATURE:0c_static_assert
    Feature record: C_FEATURE:1c_variadic_macros


Detecting C [-std=c90] compiler features compiled with the following output:
Change Dir: /nfs/2014/a/alelievr/c/shader/glfw-3.2/CMakeFiles/CMakeTmp

Run Build Command:"/usr/bin/make" "cmTC_3b0e8/fast"
/Applications/Xcode.app/Contents/Developer/usr/bin/make -f CMakeFiles/cmTC_3b0e8.dir/build.make CMakeFiles/cmTC_3b0e8.dir/build
Building C object CMakeFiles/cmTC_3b0e8.dir/feature_tests.c.o
/Applications/Xcode.app/Contents/Developer/Toolchains/XcodeDefault.xctoolchain/usr/bin/cc    -std=c90 -o CMakeFiles/cmTC_3b0e8.dir/feature_tests.c.o   -c /nfs/2014/a/alelievr/c/shader/glfw-3.2/CMakeFiles/feature_tests.c
Linking C executable cmTC_3b0e8
/sgoinfre/goinfre/Perso/alelievr/homebrew/Cellar/cmake/3.5.2/bin/cmake -E cmake_link_script CMakeFiles/cmTC_3b0e8.dir/link.txt --verbose=1
/Applications/Xcode.app/Contents/Developer/Toolchains/XcodeDefault.xctoolchain/usr/bin/cc    -Wl,-search_paths_first -Wl,-headerpad_max_install_names   CMakeFiles/cmTC_3b0e8.dir/feature_tests.c.o  -o cmTC_3b0e8  


    Feature record: C_FEATURE:1c_function_prototypes
    Feature record: C_FEATURE:0c_restrict
    Feature record: C_FEATURE:0c_static_assert
    Feature record: C_FEATURE:0c_variadic_macros
Determining if the include file pthread.h exists passed with the following output:
Change Dir: /nfs/2014/a/alelievr/c/shader/glfw-3.2/CMakeFiles/CMakeTmp

Run Build Command:"/usr/bin/make" "cmTC_dd5b0/fast"
/Applications/Xcode.app/Contents/Developer/usr/bin/make -f CMakeFiles/cmTC_dd5b0.dir/build.make CMakeFiles/cmTC_dd5b0.dir/build
Building C object CMakeFiles/cmTC_dd5b0.dir/CheckIncludeFile.c.o
/Applications/Xcode.app/Contents/Developer/Toolchains/XcodeDefault.xctoolchain/usr/bin/cc     -o CMakeFiles/cmTC_dd5b0.dir/CheckIncludeFile.c.o   -c /nfs/2014/a/alelievr/c/shader/glfw-3.2/CMakeFiles/CMakeTmp/CheckIncludeFile.c
Linking C executable cmTC_dd5b0
/sgoinfre/goinfre/Perso/alelievr/homebrew/Cellar/cmake/3.5.2/bin/cmake -E cmake_link_script CMakeFiles/cmTC_dd5b0.dir/link.txt --verbose=1
/Applications/Xcode.app/Contents/Developer/Toolchains/XcodeDefault.xctoolchain/usr/bin/cc    -Wl,-search_paths_first -Wl,-headerpad_max_install_names   CMakeFiles/cmTC_dd5b0.dir/CheckIncludeFile.c.o  -o cmTC_dd5b0  


Determining if the pthread_create exist passed with the following output:
Change Dir: /nfs/2014/a/alelievr/c/shader/glfw-3.2/CMakeFiles/CMakeTmp

Run Build Command:"/usr/bin/make" "cmTC_e2ee2/fast"
/Applications/Xcode.app/Contents/Developer/usr/bin/make -f CMakeFiles/cmTC_e2ee2.dir/build.make CMakeFiles/cmTC_e2ee2.dir/build
Building C object CMakeFiles/cmTC_e2ee2.dir/CheckSymbolExists.c.o
/Applications/Xcode.app/Contents/Developer/Toolchains/XcodeDefault.xctoolchain/usr/bin/cc     -o CMakeFiles/cmTC_e2ee2.dir/CheckSymbolExists.c.o   -c /nfs/2014/a/alelievr/c/shader/glfw-3.2/CMakeFiles/CMakeTmp/CheckSymbolExists.c
Linking C executable cmTC_e2ee2
/sgoinfre/goinfre/Perso/alelievr/homebrew/Cellar/cmake/3.5.2/bin/cmake -E cmake_link_script CMakeFiles/cmTC_e2ee2.dir/link.txt --verbose=1
/Applications/Xcode.app/Contents/Developer/Toolchains/XcodeDefault.xctoolchain/usr/bin/cc    -Wl,-search_paths_first -Wl,-headerpad_max_install_names   CMakeFiles/cmTC_e2ee2.dir/CheckSymbolExists.c.o  -o cmTC_e2ee2  

File /nfs/2014/a/alelievr/c/shader/glfw-3.2/CMakeFiles/CMakeTmp/CheckSymbolExists.c:
/* */
#include <pthread.h>

int main(int argc, char** argv)
{
  (void)argv;
#ifndef pthread_create
  return ((int*)(&pthread_create))[argc];
#else
  (void)argc;
  return 0;
#endif
}

